{"datetime":"2025-02-24 06:26:48","environment":"production","error":{"code":"ENOENT","errno":-4058,"path":"D:\\Code\\next.js\\my-app\\public\\uploads\\notesc99d224258277b19326cac3aacecc62c7334a402923121e1e933092cb327bdd5.md","syscall":"open"},"level":"error","message":"Error reading file: D:\\Code\\next.js\\my-app\\public\\uploads\\notesc99d224258277b19326cac3aacecc62c7334a402923121e1e933092cb327bdd5.md"}
{"datetime":"2025-02-24 06:26:48","environment":"production","error":{},"level":"error","message":"Failed to read article content."}
{"datetime":"2025-02-24 06:26:48","environment":"production","error":{"code":"ENOENT","errno":-4058,"path":"D:\\Code\\next.js\\my-app\\public\\uploads\\notesc99d224258277b19326cac3aacecc62c7334a402923121e1e933092cb327bdd5.md","syscall":"open"},"level":"error","message":"Error reading file: D:\\Code\\next.js\\my-app\\public\\uploads\\notesc99d224258277b19326cac3aacecc62c7334a402923121e1e933092cb327bdd5.md"}
{"datetime":"2025-02-24 06:26:48","environment":"production","error":{},"level":"error","message":"Failed to read article content."}
{"datetime":"2025-02-24 06:26:58","environment":"production","error":{"description":"Route /dashboard/user couldn't be rendered statically because it used `cookies`. See more info here: https://nextjs.org/docs/messages/dynamic-server-error","digest":"DYNAMIC_SERVER_USAGE"},"level":"error","message":"获取session失败"}
{"datetime":"2025-02-24 06:26:58","environment":"production","error":{"description":"Route /user couldn't be rendered statically because it used `cookies`. See more info here: https://nextjs.org/docs/messages/dynamic-server-error","digest":"DYNAMIC_SERVER_USAGE"},"level":"error","message":"获取session失败"}
{"datetime":"2025-02-24 06:26:58","environment":"production","error":{"code":"ENOENT","errno":-4058,"path":"D:\\Code\\next.js\\my-app\\public\\uploads\\notec99d224258277b19326cac3aacecc62c7334a402923121e1e933092cb327bdd5.md","syscall":"open"},"level":"error","message":"Error reading file: D:\\Code\\next.js\\my-app\\public\\uploads\\notec99d224258277b19326cac3aacecc62c7334a402923121e1e933092cb327bdd5.md"}
{"datetime":"2025-02-24 06:26:58","environment":"production","error":{},"level":"error","message":"Failed to read article content."}
{"datetime":"2025-02-24 06:26:58","environment":"production","error":{"code":"ENOENT","errno":-4058,"path":"D:\\Code\\next.js\\my-app\\public\\uploads\\notec99d224258277b19326cac3aacecc62c7334a402923121e1e933092cb327bdd5.md","syscall":"open"},"level":"error","message":"Error reading file: D:\\Code\\next.js\\my-app\\public\\uploads\\notec99d224258277b19326cac3aacecc62c7334a402923121e1e933092cb327bdd5.md"}
{"datetime":"2025-02-24 06:26:58","environment":"production","error":{},"level":"error","message":"Failed to read article content."}
{"datetime":"2025-02-24 06:26:58","environment":"production","error":{"code":"ENOENT","errno":-4058,"path":"D:\\Code\\next.js\\my-app\\public\\uploads\\notec99d224258277b19326cac3aacecc62c7334a402923121e1e933092cb327bdd5.md","syscall":"open"},"level":"error","message":"Error reading file: D:\\Code\\next.js\\my-app\\public\\uploads\\notec99d224258277b19326cac3aacecc62c7334a402923121e1e933092cb327bdd5.md"}
{"datetime":"2025-02-24 06:26:58","environment":"production","error":{},"level":"error","message":"Failed to read article content."}
{"datetime":"2025-02-24 06:41:06","environment":"production","error":{"code":"ENOENT","errno":-4058,"path":"D:\\Code\\next.js\\my-app\\public\\uploads\\notec99d224258277b19326cac3aacecc62c7334a402923121e1e933092cb327bdd5.md","syscall":"open"},"level":"error","message":"Error reading file: D:\\Code\\next.js\\my-app\\public\\uploads\\notec99d224258277b19326cac3aacecc62c7334a402923121e1e933092cb327bdd5.md"}
{"datetime":"2025-02-24 06:41:06","environment":"production","error":{},"level":"error","message":"Failed to read article content."}
{"datetime":"2025-02-24 06:41:06","environment":"production","error":{"code":"ENOENT","errno":-4058,"path":"D:\\Code\\next.js\\my-app\\public\\uploads\\notec99d224258277b19326cac3aacecc62c7334a402923121e1e933092cb327bdd5.md","syscall":"open"},"level":"error","message":"Error reading file: D:\\Code\\next.js\\my-app\\public\\uploads\\notec99d224258277b19326cac3aacecc62c7334a402923121e1e933092cb327bdd5.md"}
{"datetime":"2025-02-24 06:41:06","environment":"production","error":{},"level":"error","message":"Failed to read article content."}
{"datetime":"2025-02-24 06:41:06","environment":"production","error":{"code":"ENOENT","errno":-4058,"path":"D:\\Code\\next.js\\my-app\\public\\uploads\\notesc99d224258277b19326cac3aacecc62c7334a402923121e1e933092cb327bdd5.md","syscall":"open"},"level":"error","message":"Error reading file: D:\\Code\\next.js\\my-app\\public\\uploads\\notesc99d224258277b19326cac3aacecc62c7334a402923121e1e933092cb327bdd5.md"}
{"datetime":"2025-02-24 06:41:06","environment":"production","error":{},"level":"error","message":"Failed to read article content."}
{"datetime":"2025-02-24 06:41:06","environment":"production","error":{"code":"ENOENT","errno":-4058,"path":"D:\\Code\\next.js\\my-app\\public\\uploads\\notesc99d224258277b19326cac3aacecc62c7334a402923121e1e933092cb327bdd5.md","syscall":"open"},"level":"error","message":"Error reading file: D:\\Code\\next.js\\my-app\\public\\uploads\\notesc99d224258277b19326cac3aacecc62c7334a402923121e1e933092cb327bdd5.md"}
{"datetime":"2025-02-24 06:41:06","environment":"production","error":{},"level":"error","message":"Failed to read article content."}
{"datetime":"2025-02-24 06:41:06","environment":"production","error":{"code":"ENOENT","errno":-4058,"path":"D:\\Code\\next.js\\my-app\\public\\uploads\\notec99d224258277b19326cac3aacecc62c7334a402923121e1e933092cb327bdd5.md","syscall":"open"},"level":"error","message":"Error reading file: D:\\Code\\next.js\\my-app\\public\\uploads\\notec99d224258277b19326cac3aacecc62c7334a402923121e1e933092cb327bdd5.md"}
{"datetime":"2025-02-24 06:41:06","environment":"production","error":{},"level":"error","message":"Failed to read article content."}
{"datetime":"2025-02-24 06:41:16","environment":"production","error":{"description":"Route /user couldn't be rendered statically because it used `cookies`. See more info here: https://nextjs.org/docs/messages/dynamic-server-error","digest":"DYNAMIC_SERVER_USAGE"},"level":"error","message":"获取session失败"}
{"datetime":"2025-02-24 06:41:16","environment":"production","error":{"description":"Route /dashboard/user couldn't be rendered statically because it used `cookies`. See more info here: https://nextjs.org/docs/messages/dynamic-server-error","digest":"DYNAMIC_SERVER_USAGE"},"level":"error","message":"获取session失败"}
{"datetime":"2025-02-24 06:42:02","environment":"production","error":{"code":"ENOENT","errno":-4058,"path":"D:\\Code\\next.js\\my-app\\public\\uploads\\notesc99d224258277b19326cac3aacecc62c7334a402923121e1e933092cb327bdd5.md","syscall":"open"},"level":"error","message":"Error reading file: D:\\Code\\next.js\\my-app\\public\\uploads\\notesc99d224258277b19326cac3aacecc62c7334a402923121e1e933092cb327bdd5.md"}
{"datetime":"2025-02-24 06:42:02","environment":"production","error":{},"level":"error","message":"Failed to read article content."}
{"datetime":"2025-02-24 06:42:12","environment":"production","error":{"description":"Route /user couldn't be rendered statically because it used `cookies`. See more info here: https://nextjs.org/docs/messages/dynamic-server-error","digest":"DYNAMIC_SERVER_USAGE"},"level":"error","message":"获取session失败"}
{"datetime":"2025-02-24 06:42:12","environment":"production","error":{"description":"Route /dashboard/user couldn't be rendered statically because it used `cookies`. See more info here: https://nextjs.org/docs/messages/dynamic-server-error","digest":"DYNAMIC_SERVER_USAGE"},"level":"error","message":"获取session失败"}
{"datetime":"2025-02-24 06:42:12","environment":"production","error":{"code":"ENOENT","errno":-4058,"path":"D:\\Code\\next.js\\my-app\\public\\uploads\\notec99d224258277b19326cac3aacecc62c7334a402923121e1e933092cb327bdd5.md","syscall":"open"},"level":"error","message":"Error reading file: D:\\Code\\next.js\\my-app\\public\\uploads\\notec99d224258277b19326cac3aacecc62c7334a402923121e1e933092cb327bdd5.md"}
{"datetime":"2025-02-24 06:42:12","environment":"production","error":{},"level":"error","message":"Failed to read article content."}
{"datetime":"2025-02-24 06:42:12","environment":"production","error":{"code":"ENOENT","errno":-4058,"path":"D:\\Code\\next.js\\my-app\\public\\uploads\\notec99d224258277b19326cac3aacecc62c7334a402923121e1e933092cb327bdd5.md","syscall":"open"},"level":"error","message":"Error reading file: D:\\Code\\next.js\\my-app\\public\\uploads\\notec99d224258277b19326cac3aacecc62c7334a402923121e1e933092cb327bdd5.md"}
{"datetime":"2025-02-24 06:42:12","environment":"production","error":{},"level":"error","message":"Failed to read article content."}
{"datetime":"2025-02-24 06:42:12","environment":"production","error":{"code":"ENOENT","errno":-4058,"path":"D:\\Code\\next.js\\my-app\\public\\uploads\\notec99d224258277b19326cac3aacecc62c7334a402923121e1e933092cb327bdd5.md","syscall":"open"},"level":"error","message":"Error reading file: D:\\Code\\next.js\\my-app\\public\\uploads\\notec99d224258277b19326cac3aacecc62c7334a402923121e1e933092cb327bdd5.md"}
{"datetime":"2025-02-24 06:42:12","environment":"production","error":{},"level":"error","message":"Failed to read article content."}
{"datetime":"2025-02-24 06:42:12","environment":"production","error":{"code":"ENOENT","errno":-4058,"path":"D:\\Code\\next.js\\my-app\\public\\uploads\\notesc99d224258277b19326cac3aacecc62c7334a402923121e1e933092cb327bdd5.md","syscall":"open"},"level":"error","message":"Error reading file: D:\\Code\\next.js\\my-app\\public\\uploads\\notesc99d224258277b19326cac3aacecc62c7334a402923121e1e933092cb327bdd5.md"}
{"datetime":"2025-02-24 06:42:12","environment":"production","error":{},"level":"error","message":"Failed to read article content."}
{"datetime":"2025-02-24 06:42:33","environment":"production","error":{},"level":"error","message":"访问ID为:40的文章不存在"}
