{"datetime":"2025-03-05 14:07:05","environment":"production","level":"error","message":"Error: connect ECONNREFUSED 127.0.0.1:3306"}
{"datetime":"2025-03-05 14:07:05","environment":"production","error":{"address":"127.0.0.1","code":"ECONNREFUSED","errno":-4078,"port":6379,"syscall":"connect"},"level":"error","message":"Redis connection error:"}
{"datetime":"2025-03-05 14:07:05","environment":"production","error":{"address":"127.0.0.1","code":"ECONNREFUSED","errno":-4078,"port":6379,"syscall":"connect"},"level":"error","message":"Redis connection error:"}
{"datetime":"2025-03-05 14:07:05","environment":"production","error":{"address":"127.0.0.1","code":"ECONNREFUSED","errno":-4078,"port":6379,"syscall":"connect"},"level":"error","message":"Redis connection error:"}
{"datetime":"2025-03-05 14:07:05","environment":"production","error":{"address":"127.0.0.1","code":"ECONNREFUSED","errno":-4078,"port":6379,"syscall":"connect"},"level":"error","message":"Redis connection error:"}
{"datetime":"2025-03-05 14:07:06","environment":"production","error":{"address":"127.0.0.1","code":"ECONNREFUSED","errno":-4078,"port":6379,"syscall":"connect"},"level":"error","message":"Redis connection error:"}
{"datetime":"2025-03-05 14:07:06","environment":"production","error":{"address":"127.0.0.1","code":"ECONNREFUSED","errno":-4078,"port":6379,"syscall":"connect"},"level":"error","message":"Redis connection error:"}
{"datetime":"2025-03-05 14:10:13","environment":"production","error":{"clientVersion":"6.4.1","name":"PrismaClientInitializationError"},"level":"error","message":"API处理错误"}
{"datetime":"2025-03-05 14:10:13","environment":"production","error":{"clientVersion":"6.4.1","name":"PrismaClientInitializationError"},"level":"error","message":"API处理错误"}
{"datetime":"2025-03-05 14:10:13","environment":"production","error":{"clientVersion":"6.4.1","name":"PrismaClientInitializationError"},"level":"error","message":"API处理错误"}
{"datetime":"2025-03-05 16:54:41","environment":"production","error":{},"level":"error","message":"访问ID为:14的文章不存在"}
{"datetime":"2025-03-05 16:54:41","environment":"production","error":{},"level":"error","message":"访问ID为:13的文章不存在"}
{"datetime":"2025-03-05 16:54:41","environment":"production","error":{},"level":"error","message":"访问ID为:15的文章不存在"}
{"datetime":"2025-03-05 16:54:41","environment":"production","error":{},"level":"error","message":"访问ID为:16的文章不存在"}
{"datetime":"2025-03-05 16:54:41","environment":"production","error":{"description":"Route /user couldn't be rendered statically because it used `cookies`. See more info here: https://nextjs.org/docs/messages/dynamic-server-error","digest":"DYNAMIC_SERVER_USAGE"},"level":"error","message":"获取session失败"}
{"datetime":"2025-03-05 16:54:41","environment":"production","error":{},"level":"error","message":"访问ID为:1的文章不存在"}
{"datetime":"2025-03-05 16:54:42","environment":"production","error":{},"level":"error","message":"访问ID为:5的文章不存在"}
{"datetime":"2025-03-05 16:54:42","environment":"production","error":{},"level":"error","message":"访问ID为:3的文章不存在"}
{"datetime":"2025-03-05 16:54:42","environment":"production","error":{},"level":"error","message":"访问ID为:2的文章不存在"}
{"datetime":"2025-03-05 16:54:42","environment":"production","error":{},"level":"error","message":"访问ID为:4的文章不存在"}
{"datetime":"2025-03-05 16:54:42","environment":"production","error":{},"level":"error","message":"访问ID为:6的文章不存在"}
{"datetime":"2025-03-05 16:54:42","environment":"production","error":{},"level":"error","message":"访问ID为:8的文章不存在"}
{"datetime":"2025-03-05 16:54:42","environment":"production","error":{},"level":"error","message":"访问ID为:7的文章不存在"}
{"datetime":"2025-03-05 16:54:42","environment":"production","error":{},"level":"error","message":"访问ID为:9的文章不存在"}
{"datetime":"2025-03-05 16:54:42","environment":"production","error":{},"level":"error","message":"访问ID为:11的文章不存在"}
{"datetime":"2025-03-05 16:54:42","environment":"production","error":{},"level":"error","message":"访问ID为:10的文章不存在"}
{"datetime":"2025-03-05 16:54:42","environment":"production","error":{},"level":"error","message":"访问ID为:12的文章不存在"}
{"datetime":"2025-03-05 16:54:42","environment":"production","error":{"description":"Route /dashboard/user couldn't be rendered statically because it used `cookies`. See more info here: https://nextjs.org/docs/messages/dynamic-server-error","digest":"DYNAMIC_SERVER_USAGE"},"level":"error","message":"获取session失败"}
{"datetime":"2025-03-05 17:47:41","environment":"production","error":{},"level":"error","message":"访问ID为:11的文章不存在"}
{"datetime":"2025-03-05 17:47:41","environment":"production","error":{},"level":"error","message":"访问ID为:12的文章不存在"}
{"datetime":"2025-03-05 17:47:41","environment":"production","error":{},"level":"error","message":"访问ID为:15的文章不存在"}
{"datetime":"2025-03-05 17:47:41","environment":"production","error":{},"level":"error","message":"访问ID为:14的文章不存在"}
{"datetime":"2025-03-05 17:47:41","environment":"production","error":{},"level":"error","message":"访问ID为:13的文章不存在"}
{"datetime":"2025-03-05 17:47:41","environment":"production","error":{},"level":"error","message":"访问ID为:16的文章不存在"}
{"datetime":"2025-03-05 17:47:41","environment":"production","error":{"description":"Route /dashboard/user couldn't be rendered statically because it used `cookies`. See more info here: https://nextjs.org/docs/messages/dynamic-server-error","digest":"DYNAMIC_SERVER_USAGE"},"level":"error","message":"获取session失败"}
{"datetime":"2025-03-05 17:47:41","environment":"production","error":{},"level":"error","message":"访问ID为:1的文章不存在"}
{"datetime":"2025-03-05 17:47:41","environment":"production","error":{},"level":"error","message":"访问ID为:3的文章不存在"}
{"datetime":"2025-03-05 17:47:41","environment":"production","error":{},"level":"error","message":"访问ID为:2的文章不存在"}
{"datetime":"2025-03-05 17:47:41","environment":"production","error":{},"level":"error","message":"访问ID为:5的文章不存在"}
{"datetime":"2025-03-05 17:47:41","environment":"production","error":{},"level":"error","message":"访问ID为:4的文章不存在"}
{"datetime":"2025-03-05 17:47:41","environment":"production","error":{},"level":"error","message":"访问ID为:6的文章不存在"}
{"datetime":"2025-03-05 17:47:41","environment":"production","error":{},"level":"error","message":"访问ID为:7的文章不存在"}
{"datetime":"2025-03-05 17:47:41","environment":"production","error":{},"level":"error","message":"访问ID为:9的文章不存在"}
{"datetime":"2025-03-05 17:47:41","environment":"production","error":{},"level":"error","message":"访问ID为:8的文章不存在"}
{"datetime":"2025-03-05 17:47:41","environment":"production","error":{},"level":"error","message":"访问ID为:10的文章不存在"}
{"datetime":"2025-03-05 17:47:41","environment":"production","error":{"description":"Route /user couldn't be rendered statically because it used `cookies`. See more info here: https://nextjs.org/docs/messages/dynamic-server-error","digest":"DYNAMIC_SERVER_USAGE"},"level":"error","message":"获取session失败"}
